2019-07-15 14:04:02 [main] INFO  QuickVOStart:86 - Begin load jdbc driver jar path from ./drivers!
2019-07-15 14:04:02 [main] INFO  DBHelper:90 - 开始连接数据库:sqltoy,url:jdbc:mysql://192.168.56.101:3306/sqltoy?useUnicode=true&characterEncoding=utf-8&serverTimezone=GMT%2B8&useSSL=false
2019-07-15 14:04:02 [main] INFO  TaskController:125 - 开始执行第:1 个任务,includes=:^SQLTOY_\w+
2019-07-15 14:04:02 [main] INFO  TaskController:147 - 当前任务共取出:9 张表或视图!
2019-07-15 14:04:02 [main] INFO  TaskController:180 - 正在处理表:sqltoy_area_info
2019-07-15 14:04:02 [main] INFO  TaskController:732 - 正在生成文件:D:\workspace\personal\sagacity-sqltoy\trunk\sqltoy-showcase\src\main\java\org\sagacity\sqltoy\showcase\vo\base\AbstractAreaInfoVO.java
2019-07-15 14:04:03 [main] INFO  TemplateGenerator:139 - generate file D:\workspace\personal\sagacity-sqltoy\trunk\sqltoy-showcase\src\main\java\org\sagacity\sqltoy\showcase\vo\base\AbstractAreaInfoVO.java
2019-07-15 14:04:03 [main] INFO  TemplateGenerator:139 - generate file D:\workspace\personal\sagacity-sqltoy\trunk\sqltoy-showcase\src\main\java\org\sagacity\sqltoy\showcase\vo\AreaInfoVO.java
2019-07-15 14:04:03 [main] INFO  TaskController:180 - 正在处理表:sqltoy_dict_detail
2019-07-15 14:04:03 [main] INFO  TaskController:732 - 正在生成文件:D:\workspace\personal\sagacity-sqltoy\trunk\sqltoy-showcase\src\main\java\org\sagacity\sqltoy\showcase\vo\base\AbstractDictDetailVO.java
2019-07-15 14:04:03 [main] INFO  TemplateGenerator:139 - generate file D:\workspace\personal\sagacity-sqltoy\trunk\sqltoy-showcase\src\main\java\org\sagacity\sqltoy\showcase\vo\base\AbstractDictDetailVO.java
2019-07-15 14:04:03 [main] INFO  TemplateGenerator:139 - generate file D:\workspace\personal\sagacity-sqltoy\trunk\sqltoy-showcase\src\main\java\org\sagacity\sqltoy\showcase\vo\DictDetailVO.java
2019-07-15 14:04:03 [main] INFO  TaskController:180 - 正在处理表:sqltoy_dict_type
2019-07-15 14:04:03 [main] INFO  TaskController:732 - 正在生成文件:D:\workspace\personal\sagacity-sqltoy\trunk\sqltoy-showcase\src\main\java\org\sagacity\sqltoy\showcase\vo\base\AbstractDictTypeVO.java
2019-07-15 14:04:03 [main] INFO  TemplateGenerator:139 - generate file D:\workspace\personal\sagacity-sqltoy\trunk\sqltoy-showcase\src\main\java\org\sagacity\sqltoy\showcase\vo\base\AbstractDictTypeVO.java
2019-07-15 14:04:03 [main] INFO  TemplateGenerator:139 - generate file D:\workspace\personal\sagacity-sqltoy\trunk\sqltoy-showcase\src\main\java\org\sagacity\sqltoy\showcase\vo\DictTypeVO.java
2019-07-15 14:04:03 [main] INFO  TaskController:180 - 正在处理表:sqltoy_organ_info
2019-07-15 14:04:03 [main] INFO  TaskController:732 - 正在生成文件:D:\workspace\personal\sagacity-sqltoy\trunk\sqltoy-showcase\src\main\java\org\sagacity\sqltoy\showcase\vo\base\AbstractOrganInfoVO.java
2019-07-15 14:04:03 [main] INFO  TemplateGenerator:139 - generate file D:\workspace\personal\sagacity-sqltoy\trunk\sqltoy-showcase\src\main\java\org\sagacity\sqltoy\showcase\vo\base\AbstractOrganInfoVO.java
2019-07-15 14:04:03 [main] INFO  TemplateGenerator:139 - generate file D:\workspace\personal\sagacity-sqltoy\trunk\sqltoy-showcase\src\main\java\org\sagacity\sqltoy\showcase\vo\OrganInfoVO.java
2019-07-15 14:04:03 [main] INFO  TaskController:180 - 正在处理表:sqltoy_staff_auth_orgs
2019-07-15 14:04:03 [main] INFO  TaskController:732 - 正在生成文件:D:\workspace\personal\sagacity-sqltoy\trunk\sqltoy-showcase\src\main\java\org\sagacity\sqltoy\showcase\vo\base\AbstractStaffAuthOrgsVO.java
2019-07-15 14:04:03 [main] INFO  TemplateGenerator:139 - generate file D:\workspace\personal\sagacity-sqltoy\trunk\sqltoy-showcase\src\main\java\org\sagacity\sqltoy\showcase\vo\base\AbstractStaffAuthOrgsVO.java
2019-07-15 14:04:03 [main] INFO  TemplateGenerator:139 - generate file D:\workspace\personal\sagacity-sqltoy\trunk\sqltoy-showcase\src\main\java\org\sagacity\sqltoy\showcase\vo\StaffAuthOrgsVO.java
2019-07-15 14:04:03 [main] INFO  TaskController:180 - 正在处理表:sqltoy_staff_info
2019-07-15 14:04:04 [main] INFO  TaskController:732 - 正在生成文件:D:\workspace\personal\sagacity-sqltoy\trunk\sqltoy-showcase\src\main\java\org\sagacity\sqltoy\showcase\vo\base\AbstractStaffInfoVO.java
2019-07-15 14:04:04 [main] INFO  TemplateGenerator:139 - generate file D:\workspace\personal\sagacity-sqltoy\trunk\sqltoy-showcase\src\main\java\org\sagacity\sqltoy\showcase\vo\base\AbstractStaffInfoVO.java
2019-07-15 14:04:04 [main] INFO  TemplateGenerator:139 - generate file D:\workspace\personal\sagacity-sqltoy\trunk\sqltoy-showcase\src\main\java\org\sagacity\sqltoy\showcase\vo\StaffInfoVO.java
2019-07-15 14:04:04 [main] INFO  TaskController:180 - 正在处理表:sqltoy_trans_info_15d
2019-07-15 14:04:04 [main] INFO  TaskController:732 - 正在生成文件:D:\workspace\personal\sagacity-sqltoy\trunk\sqltoy-showcase\src\main\java\org\sagacity\sqltoy\showcase\vo\base\AbstractTransInfo15dVO.java
2019-07-15 14:04:04 [main] INFO  TemplateGenerator:139 - generate file D:\workspace\personal\sagacity-sqltoy\trunk\sqltoy-showcase\src\main\java\org\sagacity\sqltoy\showcase\vo\base\AbstractTransInfo15dVO.java
2019-07-15 14:04:04 [main] INFO  TemplateGenerator:139 - generate file D:\workspace\personal\sagacity-sqltoy\trunk\sqltoy-showcase\src\main\java\org\sagacity\sqltoy\showcase\vo\TransInfo15dVO.java
2019-07-15 14:04:04 [main] INFO  TaskController:180 - 正在处理表:sqltoy_trans_info_his
2019-07-15 14:04:04 [main] INFO  TaskController:732 - 正在生成文件:D:\workspace\personal\sagacity-sqltoy\trunk\sqltoy-showcase\src\main\java\org\sagacity\sqltoy\showcase\vo\base\AbstractTransInfoHisVO.java
2019-07-15 14:04:04 [main] INFO  TemplateGenerator:139 - generate file D:\workspace\personal\sagacity-sqltoy\trunk\sqltoy-showcase\src\main\java\org\sagacity\sqltoy\showcase\vo\base\AbstractTransInfoHisVO.java
2019-07-15 14:04:04 [main] INFO  TemplateGenerator:139 - generate file D:\workspace\personal\sagacity-sqltoy\trunk\sqltoy-showcase\src\main\java\org\sagacity\sqltoy\showcase\vo\TransInfoHisVO.java
2019-07-15 14:04:04 [main] INFO  TaskController:180 - 正在处理表:sqltoy_user_log
2019-07-15 14:04:04 [main] INFO  TaskController:732 - 正在生成文件:D:\workspace\personal\sagacity-sqltoy\trunk\sqltoy-showcase\src\main\java\org\sagacity\sqltoy\showcase\vo\base\AbstractUserLogVO.java
2019-07-15 14:04:04 [main] INFO  TemplateGenerator:139 - generate file D:\workspace\personal\sagacity-sqltoy\trunk\sqltoy-showcase\src\main\java\org\sagacity\sqltoy\showcase\vo\base\AbstractUserLogVO.java
2019-07-15 14:04:04 [main] INFO  TemplateGenerator:139 - generate file D:\workspace\personal\sagacity-sqltoy\trunk\sqltoy-showcase\src\main\java\org\sagacity\sqltoy\showcase\vo\UserLogVO.java
2019-07-15 14:04:04 [main] INFO  QuickVOStart:93 - 成功完成vo以及vo<-->po映射类的生成!
